0 info it worked if it ends with ok
1 verbose cli [ 'node', '/usr/local/bin/npm', 'install', '-g', 'ogr2ogr' ]
2 info using npm@1.3.8
3 info using node@v0.10.18
4 verbose cache add [ 'ogr2ogr', null ]
5 verbose cache add name=undefined spec="ogr2ogr" args=["ogr2ogr",null]
6 verbose parsed url { protocol: null,
6 verbose parsed url   slashes: null,
6 verbose parsed url   auth: null,
6 verbose parsed url   host: null,
6 verbose parsed url   port: null,
6 verbose parsed url   hostname: null,
6 verbose parsed url   hash: null,
6 verbose parsed url   search: null,
6 verbose parsed url   query: null,
6 verbose parsed url   pathname: 'ogr2ogr',
6 verbose parsed url   path: 'ogr2ogr',
6 verbose parsed url   href: 'ogr2ogr' }
7 silly lockFile 67183900-ogr2ogr ogr2ogr
8 verbose lock ogr2ogr /Users/cereallarceny/.npm/67183900-ogr2ogr.lock
9 silly lockFile 67183900-ogr2ogr ogr2ogr
10 silly lockFile 67183900-ogr2ogr ogr2ogr
11 verbose addNamed [ 'ogr2ogr', '' ]
12 verbose addNamed [ null, '*' ]
13 silly lockFile 76dca582-ogr2ogr ogr2ogr@
14 verbose lock ogr2ogr@ /Users/cereallarceny/.npm/76dca582-ogr2ogr.lock
15 silly addNameRange { name: 'ogr2ogr', range: '*', hasData: false }
16 verbose url raw ogr2ogr
17 verbose url resolving [ 'https://registry.npmjs.org/', './ogr2ogr' ]
18 verbose url resolved https://registry.npmjs.org/ogr2ogr
19 info trying registry request attempt 1 at 16:50:52
20 http GET https://registry.npmjs.org/ogr2ogr
21 http 404 https://registry.npmjs.org/ogr2ogr
22 silly registry.get cb [ 404,
22 silly registry.get   { server: 'CouchDB/1.3.1 (Erlang OTP/R15B03)',
22 silly registry.get     date: 'Sun, 27 Oct 2013 21:50:51 GMT',
22 silly registry.get     'content-type': 'application/json',
22 silly registry.get     'content-length': '52',
22 silly registry.get     'cache-control': 'must-revalidate' } ]
23 silly lockFile 76dca582-ogr2ogr ogr2ogr@
24 silly lockFile 76dca582-ogr2ogr ogr2ogr@
25 error 404 'ogr2ogr' is not in the npm registry.
25 error 404 You should bug the author to publish it
25 error 404
25 error 404 Note that you can also install from a
25 error 404 tarball, folder, or http url, or git url.
26 error System Darwin 13.0.0
27 error command "node" "/usr/local/bin/npm" "install" "-g" "ogr2ogr"
28 error cwd /Applications/MAMP/htdocs/poliana/poliana_app
29 error node -v v0.10.18
30 error npm -v 1.3.8
31 error code E404
32 verbose exit [ 1, true ]
